# JRE version: Java(TM) SE Runtime Environment (23.0+37) (build 23+37-2369)
# Java VM: Java HotSpot(TM) 64-Bit Server VM (23+37-2369, mixed mode, emulated-client, sharing, tiered, compressed oops, compressed class ptrs, g1 gc, windows-amd64)
GC Precious Log:
 CardTable entry size: 512
 Card Set container configuration: InlinePtr #cards 5 size 8 Array Of Cards #cards 10 size 36 Howl #buckets 4 coarsen threshold 1843 Howl Bitmap #cards 512 size 80 coarsen threshold 460 Card regions per heap region 1 cards per card region 2048
 CPUs: 16 total, 16 available
 Memory: 7860M
 Large Page Support: Disabled
 NUMA Support: Disabled
 Compressed Oops: Enabled (32-bit)
 Heap Region Size: 1M
 Heap Min Capacity: 8M
 Heap Initial Capacity: 124M
 Heap Max Capacity: 1966M
 Pre-touch: Disabled
 Parallel Workers: 13
 Concurrent Workers: 3
 Concurrent Refinement Workers: 13
 Periodic GC: Disabled
Heap:
 garbage-first heap   total reserved 2013184K, committed 128000K, used 48390K [0x0000000085200000, 0x0000000100000000)
  region size 1024K, 2 young (2048K), 2 survivors (2048K)
 Metaspace       used 89444K, committed 90304K, reserved 1179648K
  class space    used 13249K, committed 13632K, reserved 1048576K
GC Heap History (20 events):
Event: 2503.532 GC heap after
{Heap after GC invocations=42 (full 1):
 garbage-first heap   total reserved 2013184K, committed 77824K, used 44376K [0x0000000085200000, 0x0000000100000000)
  region size 1024K, 4 young (4096K), 4 survivors (4096K)
 Metaspace       used 88167K, committed 89024K, reserved 1179648K
  class space    used 13119K, committed 13504K, reserved 1048576K
}
Event: 2503.715 GC heap before
{Heap before GC invocations=43 (full 1):
 garbage-first heap   total reserved 2013184K, committed 78848K, used 65880K [0x0000000085200000, 0x0000000100000000)
  region size 1024K, 25 young (25600K), 4 survivors (4096K)
 Metaspace       used 88387K, committed 89280K, reserved 1179648K
  class space    used 13149K, committed 13568K, reserved 1048576K
}
Event: 2503.721 GC heap after
{Heap after GC invocations=44 (full 1):
 garbage-first heap   total reserved 2013184K, committed 78848K, used 46301K [0x0000000085200000, 0x0000000100000000)
  region size 1024K, 4 young (4096K), 4 survivors (4096K)
 Metaspace       used 88387K, committed 89280K, reserved 1179648K
  class space    used 13149K, committed 13568K, reserved 1048576K
}
Event: 2503.889 GC heap before
{Heap before GC invocations=44 (full 1):
 garbage-first heap   total reserved 2013184K, committed 78848K, used 66781K [0x0000000085200000, 0x0000000100000000)
  region size 1024K, 24 young (24576K), 4 survivors (4096K)
 Metaspace       used 88470K, committed 89408K, reserved 1179648K
  class space    used 13172K, committed 13568K, reserved 1048576K
}
Event: 2503.893 GC heap after
{Heap after GC invocations=45 (full 1):
 garbage-first heap   total reserved 2013184K, committed 78848K, used 48020K [0x0000000085200000, 0x0000000100000000)
  region size 1024K, 3 young (3072K), 3 survivors (3072K)
 Metaspace       used 88470K, committed 89408K, reserved 1179648K
  class space    used 13172K, committed 13568K, reserved 1048576K
}
Event: 2505.441 GC heap before
{Heap before GC invocations=45 (full 1):
 garbage-first heap   total reserved 2013184K, committed 78848K, used 69524K [0x0000000085200000, 0x0000000100000000)
  region size 1024K, 24 young (24576K), 3 survivors (3072K)
 Metaspace       used 88697K, committed 89664K, reserved 1179648K
  class space    used 13200K, committed 13632K, reserved 1048576K
}
Event: 2505.448 GC heap after
{Heap after GC invocations=46 (full 1):
 garbage-first heap   total reserved 2013184K, committed 78848K, used 50092K [0x0000000085200000, 0x0000000100000000)
  region size 1024K, 3 young (3072K), 3 survivors (3072K)
 Metaspace       used 88697K, committed 89664K, reserved 1179648K
  class space    used 13200K, committed 13632K, reserved 1048576K
}
Event: 2505.508 GC heap before
{Heap before GC invocations=47 (full 1):
 garbage-first heap   total reserved 2013184K, committed 87040K, used 51116K [0x0000000085200000, 0x0000000100000000)
  region size 1024K, 5 young (5120K), 3 survivors (3072K)
 Metaspace       used 88571K, committed 89664K, reserved 1179648K
  class space    used 13168K, committed 13632K, reserved 1048576K
}
Event: 2505.544 GC heap after
{Heap after GC invocations=48 (full 2):
 garbage-first heap   total reserved 2013184K, committed 87040K, used 38202K [0x0000000085200000, 0x0000000100000000)
  region size 1024K, 0 young (0K), 0 survivors (0K)
 Metaspace       used 88553K, committed 89664K, reserved 1179648K
  class space    used 13167K, committed 13632K, reserved 1048576K
}
Event: 2505.872 GC heap before
{Heap before GC invocations=48 (full 2):
 garbage-first heap   total reserved 2013184K, committed 87040K, used 76090K [0x0000000085200000, 0x0000000100000000)
  region size 1024K, 37 young (37888K), 0 survivors (0K)
 Metaspace       used 88716K, committed 89664K, reserved 1179648K
  class space    used 13184K, committed 13632K, reserved 1048576K
}
Event: 2505.877 GC heap after
{Heap after GC invocations=49 (full 2):
 garbage-first heap   total reserved 2013184K, committed 87040K, used 42073K [0x0000000085200000, 0x0000000100000000)
  region size 1024K, 4 young (4096K), 4 survivors (4096K)
 Metaspace       used 88716K, committed 89664K, reserved 1179648K
  class space    used 13184K, committed 13632K, reserved 1048576K
}
Event: 2506.186 GC heap before
{Heap before GC invocations=50 (full 2):
 garbage-first heap   total reserved 2013184K, committed 87040K, used 74841K [0x0000000085200000, 0x0000000100000000)
  region size 1024K, 36 young (36864K), 4 survivors (4096K)
 Metaspace       used 88794K, committed 89728K, reserved 1179648K
  class space    used 13197K, committed 13632K, reserved 1048576K
}
Event: 2506.189 GC heap after
{Heap after GC invocations=51 (full 2):
 garbage-first heap   total reserved 2013184K, committed 87040K, used 44316K [0x0000000085200000, 0x0000000100000000)
  region size 1024K, 3 young (3072K), 3 survivors (3072K)
 Metaspace       used 88794K, committed 89728K, reserved 1179648K
  class space    used 13197K, committed 13632K, reserved 1048576K
}
Event: 2506.576 GC heap before
{Heap before GC invocations=51 (full 2):
 garbage-first heap   total reserved 2013184K, committed 87040K, used 75036K [0x0000000085200000, 0x0000000100000000)
  region size 1024K, 33 young (33792K), 3 survivors (3072K)
 Metaspace       used 89002K, committed 89920K, reserved 1179648K
  class space    used 13215K, committed 13632K, reserved 1048576K
}
Event: 2506.579 GC heap after
{Heap after GC invocations=52 (full 2):
 garbage-first heap   total reserved 2013184K, committed 87040K, used 46123K [0x0000000085200000, 0x0000000100000000)
  region size 1024K, 5 young (5120K), 5 survivors (5120K)
 Metaspace       used 89002K, committed 89920K, reserved 1179648K
  class space    used 13215K, committed 13632K, reserved 1048576K
}
Event: 2506.756 GC heap before
{Heap before GC invocations=52 (full 2):
 garbage-first heap   total reserved 2013184K, committed 87040K, used 73771K [0x0000000085200000, 0x0000000100000000)
  region size 1024K, 32 young (32768K), 5 survivors (5120K)
 Metaspace       used 89248K, committed 90176K, reserved 1179648K
  class space    used 13234K, committed 13632K, reserved 1048576K
}
Event: 2506.761 GC heap after
{Heap after GC invocations=53 (full 2):
 garbage-first heap   total reserved 2013184K, committed 87040K, used 47313K [0x0000000085200000, 0x0000000100000000)
  region size 1024K, 4 young (4096K), 4 survivors (4096K)
 Metaspace       used 89248K, committed 90176K, reserved 1179648K
  class space    used 13234K, committed 13632K, reserved 1048576K
}
Event: 2506.977 GC heap before
{Heap before GC invocations=54 (full 2):
 garbage-first heap   total reserved 2013184K, committed 87040K, used 74961K [0x0000000085200000, 0x0000000100000000)
  region size 1024K, 31 young (31744K), 4 survivors (4096K)
 Metaspace       used 89258K, committed 90176K, reserved 1179648K
  class space    used 13237K, committed 13632K, reserved 1048576K
}
Event: 2506.982 GC heap after
{Heap after GC invocations=55 (full 2):
 garbage-first heap   total reserved 2013184K, committed 87040K, used 48385K [0x0000000085200000, 0x0000000100000000)
  region size 1024K, 3 young (3072K), 3 survivors (3072K)
 Metaspace       used 89258K, committed 90176K, reserved 1179648K
  class space    used 13237K, committed 13632K, reserved 1048576K
}
Event: 2783.118 GC heap before
{Heap before GC invocations=55 (full 2):
 garbage-first heap   total reserved 2013184K, committed 87040K, used 76033K [0x0000000085200000, 0x0000000100000000)
  region size 1024K, 30 young (30720K), 3 survivors (3072K)
 Metaspace       used 89444K, committed 90304K, reserved 1179648K
  class space    used 13249K, committed 13632K, reserved 1048576K
}

